nohup: ignoring input
INFO:     Will watch for changes in these directories: ['C:\\Users\\cleon\\Downloads\\mock-ai-interview-main (1)\\mock-ai-interview-main']
INFO:     Uvicorn running on http://127.0.0.1:8000 (Press CTRL+C to quit)
INFO:     Started reloader process [16372] using StatReload
Process SpawnProcess-1:
Traceback (most recent call last):
  File "C:\Users\cleon\AppData\Local\Programs\Python\Python39\lib\multiprocessing\process.py", line 315, in _bootstrap
    self.run()
  File "C:\Users\cleon\AppData\Local\Programs\Python\Python39\lib\multiprocessing\process.py", line 108, in run
    self._target(*self._args, **self._kwargs)
  File "C:\Users\cleon\AppData\Local\Programs\Python\Python39\lib\site-packages\uvicorn\_subprocess.py", line 80, in subprocess_started
    target(sockets=sockets)
  File "C:\Users\cleon\AppData\Local\Programs\Python\Python39\lib\site-packages\uvicorn\server.py", line 67, in run
    return asyncio_run(self.serve(sockets=sockets), loop_factory=self.config.get_loop_factory())
  File "C:\Users\cleon\AppData\Local\Programs\Python\Python39\lib\site-packages\uvicorn\_compat.py", line 60, in asyncio_run
    return loop.run_until_complete(main)
  File "C:\Users\cleon\AppData\Local\Programs\Python\Python39\lib\asyncio\base_events.py", line 647, in run_until_complete
    return future.result()
  File "C:\Users\cleon\AppData\Local\Programs\Python\Python39\lib\site-packages\uvicorn\server.py", line 71, in serve
    await self._serve(sockets)
  File "C:\Users\cleon\AppData\Local\Programs\Python\Python39\lib\site-packages\uvicorn\server.py", line 78, in _serve
    config.load()
  File "C:\Users\cleon\AppData\Local\Programs\Python\Python39\lib\site-packages\uvicorn\config.py", line 439, in load
    self.loaded_app = import_from_string(self.app)
  File "C:\Users\cleon\AppData\Local\Programs\Python\Python39\lib\site-packages\uvicorn\importer.py", line 22, in import_from_string
    raise exc from None
  File "C:\Users\cleon\AppData\Local\Programs\Python\Python39\lib\site-packages\uvicorn\importer.py", line 19, in import_from_string
    module = importlib.import_module(module_str)
  File "C:\Users\cleon\AppData\Local\Programs\Python\Python39\lib\importlib\__init__.py", line 127, in import_module
    return _bootstrap._gcd_import(name[level:], package, level)
  File "<frozen importlib._bootstrap>", line 1030, in _gcd_import
  File "<frozen importlib._bootstrap>", line 1007, in _find_and_load
  File "<frozen importlib._bootstrap>", line 986, in _find_and_load_unlocked
  File "<frozen importlib._bootstrap>", line 680, in _load_unlocked
  File "<frozen importlib._bootstrap_external>", line 850, in exec_module
  File "<frozen importlib._bootstrap>", line 228, in _call_with_frames_removed
  File "C:\Users\cleon\Downloads\mock-ai-interview-main (1)\mock-ai-interview-main\backend\ml\api.py", line 856, in <module>
    from .resume_parser import router as resume_router
  File "C:\Users\cleon\Downloads\mock-ai-interview-main (1)\mock-ai-interview-main\backend\ml\resume_parser.py", line 2, in <module>
    import spacy
ModuleNotFoundError: No module named 'spacy'
